<?xml version="1.0" encoding="UTF-8"?>
<!-- Generated by org.testng.reporters.JUnitReportReporter -->
<testsuite hostname="DESKTOP-PDFR5B8" failures="0" tests="1" name="crypto_trading.BinanceApiTest" time="3.702" errors="0" timestamp="7 Dec 2024 19:22:48 GMT">
  <testcase classname="crypto_trading.BinanceApiTest" name="testGet" time="3.702"/>
</testsuite> <!-- crypto_trading.BinanceApiTest -->
