<?xml version="1.0" encoding="UTF-8"?>
<!-- Generated by org.testng.reporters.JUnitReportReporter -->
<testsuite hostname="DESKTOP-PDFR5B8" failures="0" tests="1" name="crypto_trading.HoubiApiTest" time="3.458" errors="0" timestamp="7 Dec 2024 19:05:17 GMT">
  <testcase classname="crypto_trading.HoubiApiTest" name="testGet" time="3.458"/>
</testsuite> <!-- crypto_trading.HoubiApiTest -->
